CRITICAL - 2024-07-22 14:54:43 --> ErrorException: Undefined array key ""
[Method: GET, Route: ver_ciudadanos]
in APPPATH\Views\ciudadanos.php on line 67.
 1 APPPATH\Views\ciudadanos.php(67): CodeIgniter\Debug\Exceptions->errorHandler(2, 'Undefined array key ""', 'C:\\xampp\\htdocs\\fs2024\\Ci-Ciudadanos\\app\\Views\\ciudadanos.php', 67)
 2 SYSTEMPATH\View\View.php(234): include('C:\\xampp\\htdocs\\fs2024\\Ci-Ciudadanos\\app\\Views\\ciudadanos.php')
 3 SYSTEMPATH\View\View.php(237): CodeIgniter\View\View->CodeIgniter\View\{closure}()
 4 SYSTEMPATH\Common.php(1171): CodeIgniter\View\View->render('ciudadanos', [], true)
 5 APPPATH\Controllers\Ciudadanos.php(13): view('ciudadanos', [...])
 6 SYSTEMPATH\CodeIgniter.php(933): App\Controllers\Ciudadanos->index()
 7 SYSTEMPATH\CodeIgniter.php(509): CodeIgniter\CodeIgniter->runController(Object(App\Controllers\Ciudadanos))
 8 SYSTEMPATH\CodeIgniter.php(355): CodeIgniter\CodeIgniter->handleRequest(null, Object(Config\Cache), false)
 9 SYSTEMPATH\Boot.php(325): CodeIgniter\CodeIgniter->run()
10 SYSTEMPATH\Boot.php(67): CodeIgniter\Boot::runCodeIgniter(Object(CodeIgniter\CodeIgniter))
11 FCPATH\index.php(56): CodeIgniter\Boot::bootWeb(Object(Config\Paths))
CRITICAL - 2024-07-22 14:58:36 --> Error: Class "App\Controllers\CiudadanoModel" not found
[Method: GET, Route: actualizar_ciudadano/1007928191909]
in APPPATH\Controllers\Ciudadanos.php on line 46.
 1 SYSTEMPATH\CodeIgniter.php(933): App\Controllers\Ciudadanos->actualizarCiudadano('1007928191909')
 2 SYSTEMPATH\CodeIgniter.php(509): CodeIgniter\CodeIgniter->runController(Object(App\Controllers\Ciudadanos))
 3 SYSTEMPATH\CodeIgniter.php(355): CodeIgniter\CodeIgniter->handleRequest(null, Object(Config\Cache), false)
 4 SYSTEMPATH\Boot.php(325): CodeIgniter\CodeIgniter->run()
 5 SYSTEMPATH\Boot.php(67): CodeIgniter\Boot::runCodeIgniter(Object(CodeIgniter\CodeIgniter))
 6 FCPATH\index.php(56): CodeIgniter\Boot::bootWeb(Object(Config\Paths))
CRITICAL - 2024-07-22 15:02:10 --> CodeIgniter\Database\Exceptions\DataException: There is no data to update.
[Method: GET, Route: actualizar_ciudadano/1007928191909]
in SYSTEMPATH\BaseModel.php on line 1833.
 1 SYSTEMPATH\BaseModel.php(1833): CodeIgniter\Database\Exceptions\DataException::forEmptyDataset('update')
 2 SYSTEMPATH\BaseModel.php(997): CodeIgniter\BaseModel->transformDataToArray(null, 'update')
 3 SYSTEMPATH\Model.php(865): CodeIgniter\BaseModel->update([...], null)
 4 APPPATH\Controllers\Ciudadanos.php(47): CodeIgniter\Model->update([...])
 5 SYSTEMPATH\CodeIgniter.php(933): App\Controllers\Ciudadanos->actualizarCiudadano('1007928191909')
 6 SYSTEMPATH\CodeIgniter.php(509): CodeIgniter\CodeIgniter->runController(Object(App\Controllers\Ciudadanos))
 7 SYSTEMPATH\CodeIgniter.php(355): CodeIgniter\CodeIgniter->handleRequest(null, Object(Config\Cache), false)
 8 SYSTEMPATH\Boot.php(325): CodeIgniter\CodeIgniter->run()
 9 SYSTEMPATH\Boot.php(67): CodeIgniter\Boot::runCodeIgniter(Object(CodeIgniter\CodeIgniter))
10 FCPATH\index.php(56): CodeIgniter\Boot::bootWeb(Object(Config\Paths))
CRITICAL - 2024-07-22 15:02:10 --> CodeIgniter\Database\Exceptions\DataException: There is no data to update.
[Method: GET, Route: actualizar_ciudadano/1007928191909]
in SYSTEMPATH\BaseModel.php on line 1833.
 1 SYSTEMPATH\BaseModel.php(1833): CodeIgniter\Database\Exceptions\DataException::forEmptyDataset('update')
 2 SYSTEMPATH\BaseModel.php(997): CodeIgniter\BaseModel->transformDataToArray(null, 'update')
 3 SYSTEMPATH\Model.php(865): CodeIgniter\BaseModel->update([...], null)
 4 APPPATH\Controllers\Ciudadanos.php(47): CodeIgniter\Model->update([...])
 5 SYSTEMPATH\CodeIgniter.php(933): App\Controllers\Ciudadanos->actualizarCiudadano('1007928191909')
 6 SYSTEMPATH\CodeIgniter.php(509): CodeIgniter\CodeIgniter->runController(Object(App\Controllers\Ciudadanos))
 7 SYSTEMPATH\CodeIgniter.php(355): CodeIgniter\CodeIgniter->handleRequest(null, Object(Config\Cache), false)
 8 SYSTEMPATH\Boot.php(325): CodeIgniter\CodeIgniter->run()
 9 SYSTEMPATH\Boot.php(67): CodeIgniter\Boot::runCodeIgniter(Object(CodeIgniter\CodeIgniter))
10 FCPATH\index.php(56): CodeIgniter\Boot::bootWeb(Object(Config\Paths))
CRITICAL - 2024-07-22 15:02:49 --> ErrorException: Undefined array key ""
[Method: GET, Route: ver_departamentos]
in APPPATH\Views\departamentos.php on line 56.
 1 APPPATH\Views\departamentos.php(56): CodeIgniter\Debug\Exceptions->errorHandler(2, 'Undefined array key ""', 'C:\\xampp\\htdocs\\fs2024\\Ci-Ciudadanos\\app\\Views\\departamentos.php', 56)
 2 SYSTEMPATH\View\View.php(234): include('C:\\xampp\\htdocs\\fs2024\\Ci-Ciudadanos\\app\\Views\\departamentos.php')
 3 SYSTEMPATH\View\View.php(237): CodeIgniter\View\View->CodeIgniter\View\{closure}()
 4 SYSTEMPATH\Common.php(1171): CodeIgniter\View\View->render('departamentos', [], true)
 5 APPPATH\Controllers\Departamentos.php(12): view('departamentos', [...])
 6 SYSTEMPATH\CodeIgniter.php(933): App\Controllers\Departamentos->index()
 7 SYSTEMPATH\CodeIgniter.php(509): CodeIgniter\CodeIgniter->runController(Object(App\Controllers\Departamentos))
 8 SYSTEMPATH\CodeIgniter.php(355): CodeIgniter\CodeIgniter->handleRequest(null, Object(Config\Cache), false)
 9 SYSTEMPATH\Boot.php(325): CodeIgniter\CodeIgniter->run()
10 SYSTEMPATH\Boot.php(67): CodeIgniter\Boot::runCodeIgniter(Object(CodeIgniter\CodeIgniter))
11 FCPATH\index.php(56): CodeIgniter\Boot::bootWeb(Object(Config\Paths))
CRITICAL - 2024-07-22 15:03:04 --> ErrorException: Undefined array key ""
[Method: GET, Route: ver_nivelesacad]
in APPPATH\Views\nivelesacademicos.php on line 56.
 1 APPPATH\Views\nivelesacademicos.php(56): CodeIgniter\Debug\Exceptions->errorHandler(2, 'Undefined array key ""', 'C:\\xampp\\htdocs\\fs2024\\Ci-Ciudadanos\\app\\Views\\nivelesacademicos.php', 56)
 2 SYSTEMPATH\View\View.php(234): include('C:\\xampp\\htdocs\\fs2024\\Ci-Ciudadanos\\app\\Views\\nivelesacademicos.php')
 3 SYSTEMPATH\View\View.php(237): CodeIgniter\View\View->CodeIgniter\View\{closure}()
 4 SYSTEMPATH\Common.php(1171): CodeIgniter\View\View->render('nivelesacademicos', [], true)
 5 APPPATH\Controllers\NivelesAcademicos.php(12): view('nivelesacademicos', [...])
 6 SYSTEMPATH\CodeIgniter.php(933): App\Controllers\NivelesAcademicos->index()
 7 SYSTEMPATH\CodeIgniter.php(509): CodeIgniter\CodeIgniter->runController(Object(App\Controllers\NivelesAcademicos))
 8 SYSTEMPATH\CodeIgniter.php(355): CodeIgniter\CodeIgniter->handleRequest(null, Object(Config\Cache), false)
 9 SYSTEMPATH\Boot.php(325): CodeIgniter\CodeIgniter->run()
10 SYSTEMPATH\Boot.php(67): CodeIgniter\Boot::runCodeIgniter(Object(CodeIgniter\CodeIgniter))
11 FCPATH\index.php(56): CodeIgniter\Boot::bootWeb(Object(Config\Paths))
CRITICAL - 2024-07-22 15:38:08 --> ErrorException: Undefined array key ""
[Method: GET, Route: ver_departamentos]
in APPPATH\Views\departamentos.php on line 56.
 1 APPPATH\Views\departamentos.php(56): CodeIgniter\Debug\Exceptions->errorHandler(2, 'Undefined array key ""', 'C:\\xampp\\htdocs\\fs2024\\Ci-Ciudadanos\\app\\Views\\departamentos.php', 56)
 2 SYSTEMPATH\View\View.php(234): include('C:\\xampp\\htdocs\\fs2024\\Ci-Ciudadanos\\app\\Views\\departamentos.php')
 3 SYSTEMPATH\View\View.php(237): CodeIgniter\View\View->CodeIgniter\View\{closure}()
 4 SYSTEMPATH\Common.php(1171): CodeIgniter\View\View->render('departamentos', [], true)
 5 APPPATH\Controllers\Departamentos.php(12): view('departamentos', [...])
 6 SYSTEMPATH\CodeIgniter.php(933): App\Controllers\Departamentos->index()
 7 SYSTEMPATH\CodeIgniter.php(509): CodeIgniter\CodeIgniter->runController(Object(App\Controllers\Departamentos))
 8 SYSTEMPATH\CodeIgniter.php(355): CodeIgniter\CodeIgniter->handleRequest(null, Object(Config\Cache), false)
 9 SYSTEMPATH\Boot.php(325): CodeIgniter\CodeIgniter->run()
10 SYSTEMPATH\Boot.php(67): CodeIgniter\Boot::runCodeIgniter(Object(CodeIgniter\CodeIgniter))
11 FCPATH\index.php(56): CodeIgniter\Boot::bootWeb(Object(Config\Paths))
